<?xml version="1.0" encoding="UTF-8"?>
<!-- Generated by org.testng.reporters.JUnitReportReporter -->
<testsuite hostname="PHMANLROGERO01" failures="0" tests="2" name="TestScripts.AddElement" time="12.220" errors="0" timestamp="2023-10-02T21:00:38 CST" skipped="0">
  <testcase classname="TestScripts.AddElement" name="deleteElement" time="5.652"/>
  <system-out/>
  <testcase classname="TestScripts.AddElement" name="addElement" time="6.568"/>
  <system-out/>
</testsuite> <!-- TestScripts.AddElement -->
